<?xml version="1.0" encoding="UTF-8"?>
<testng-results skipped="0" failed="0" ignored="0" total="2" passed="2">
  <reporter-output>
  </reporter-output>
  <suite name="Suite" duration-ms="7036" started-at="2020-10-29T05:19:54 UTC" finished-at="2020-10-29T05:20:01 UTC">
    <groups>
    </groups>
    <test name="Firefox Test" duration-ms="5090" started-at="2020-10-29T05:19:54 UTC" finished-at="2020-10-29T05:19:59 UTC">
      <class name="gridExample.TestSeleniumGrid">
        <test-method status="PASS" signature="verifySeleniumGrid(java.lang.String)[pri:0, instance:gridExample.TestSeleniumGrid@23e028a9]" name="verifySeleniumGrid" duration-ms="5056" started-at="2020-10-29T05:19:54 UTC" finished-at="2020-10-29T05:19:59 UTC">
          <params>
            <param index="0">
              <value>
                <![CDATA[firefox]]>
              </value>
            </param>
          </params>
          <reporter-output>
          </reporter-output>
        </test-method> <!-- verifySeleniumGrid -->
      </class> <!-- gridExample.TestSeleniumGrid -->
    </test> <!-- Firefox Test -->
    <test name="Chrome Test" duration-ms="1899" started-at="2020-10-29T05:19:59 UTC" finished-at="2020-10-29T05:20:01 UTC">
      <class name="gridExample.TestSeleniumGrid">
        <test-method status="PASS" signature="verifySeleniumGrid(java.lang.String)[pri:0, instance:gridExample.TestSeleniumGrid@7d0587f1]" name="verifySeleniumGrid" duration-ms="1889" started-at="2020-10-29T05:19:59 UTC" finished-at="2020-10-29T05:20:01 UTC">
          <params>
            <param index="0">
              <value>
                <![CDATA[chrome]]>
              </value>
            </param>
          </params>
          <reporter-output>
          </reporter-output>
        </test-method> <!-- verifySeleniumGrid -->
      </class> <!-- gridExample.TestSeleniumGrid -->
    </test> <!-- Chrome Test -->
  </suite> <!-- Suite -->
</testng-results>
